Arguments: 
  /usr/local/bin/node /usr/local/Cellar/yarn/1.13.0/libexec/lib/cli.js add gatsby-theme-rebeccapurple gatsby react react-dom

PATH: 
  /usr/local/bin:/usr/bin:/bin:/usr/sbin:/sbin:/Users/johno/go/bin:/Users/johno/.rvm/bin:/usr/local/bin:/usr/local/sbin:/usr/bin:/bin:/usr/sbin:/sbin

Yarn version: 
  1.13.0

Node version: 
  11.6.0

Platform: 
  darwin x64

Trace: 
  Error: https://registry.yarnpkg.com/gatsby-theme-rebeccapurple: Not found
      at Request.params.callback [as _callback] (/usr/local/Cellar/yarn/1.13.0/libexec/lib/cli.js:66255:18)
      at Request.self.callback (/usr/local/Cellar/yarn/1.13.0/libexec/lib/cli.js:129397:22)
      at Request.emit (events.js:188:13)
      at Request.<anonymous> (/usr/local/Cellar/yarn/1.13.0/libexec/lib/cli.js:130369:10)
      at Request.emit (events.js:188:13)
      at IncomingMessage.<anonymous> (/usr/local/Cellar/yarn/1.13.0/libexec/lib/cli.js:130291:12)
      at Object.onceWrapper (events.js:276:13)
      at IncomingMessage.emit (events.js:193:15)
      at endReadableNT (_stream_readable.js:1129:12)
      at process.internalTickCallback (internal/process/next_tick.js:72:19)

npm manifest: 
  {
    "name": "site",
    "version": "1.0.0",
    "main": "index.js",
    "license": "MIT"
  }

yarn manifest: 
  No manifest

Lockfile: 
  # THIS IS AN AUTOGENERATED FILE. DO NOT EDIT THIS FILE DIRECTLY.
  # yarn lockfile v1
  
  
  "@babel/runtime@^7.0.0":
    version "7.4.2"
    resolved "https://registry.yarnpkg.com/@babel/runtime/-/runtime-7.4.2.tgz#f5ab6897320f16decd855eed70b705908a313fe8"
    integrity sha512-7Bl2rALb7HpvXFL7TETNzKSAeBVCPHELzc0C//9FCxN8nsiueWSJBqaF+2oIJScyILStASR/Cx5WMkXGYTiJFA==
    dependencies:
      regenerator-runtime "^0.13.2"
  
  gatsby-plugin-compile-es6-packages@^1.1.0:
    version "1.1.0"
    resolved "https://registry.yarnpkg.com/gatsby-plugin-compile-es6-packages/-/gatsby-plugin-compile-es6-packages-1.1.0.tgz#5045c3bbf408c6d639b317ebffd8e9128073c4f9"
    integrity sha512-YjB9LDyUBcWfVVF8mN+t4OziYghys08nb2vpYgW+sqXO4giHRLWpANFmVUXW+H2c1g8fAwPlKYcwDXyqNunibw==
    dependencies:
      "@babel/runtime" "^7.0.0"
      regex-escape "^3.4.8"
  
  regenerator-runtime@^0.13.2:
    version "0.13.2"
    resolved "https://registry.yarnpkg.com/regenerator-runtime/-/regenerator-runtime-0.13.2.tgz#32e59c9a6fb9b1a4aff09b4930ca2d4477343447"
    integrity sha512-S/TQAZJO+D3m9xeN1WTI8dLKBBiRgXBlTJvbWjCThHWZj9EvHK70Ff50/tYj2J/fvBY6JtFVwRuazHN2E7M9BA==
  
  regex-escape@^3.4.8:
    version "3.4.9"
    resolved "https://registry.yarnpkg.com/regex-escape/-/regex-escape-3.4.9.tgz#407b413562e2373d56994ff213e693658ea4f8f7"
    integrity sha512-Cv9rjwyQwVhn3L097ysanWsEElurmxDj6Cc4Ut23z7e6hzRbrNvF3Le7yAciMfuzyb0sZwSr0ZHunMNCIoy2/g==
